<?xml version="1.0" encoding="UTF-8"?>
<!-- Generated by org.testng.reporters.JUnitXMLReporter -->
<testsuite ignored="2" hostname="DESKTOP-D4SA1MF" failures="0" tests="1" name="Default test" time="6.925" errors="0" timestamp="2023-12-08T09:41:52 IST">
  <testcase classname="com.TestCases.FirstPageTest" name="testCase2" time="5.044"/>
  <testcase classname="com.TestCases.FirstPageTest" name="testCase1" time="0.0">
    <ignored/>
  </testcase> <!-- testCase1 -->
  <testcase classname="com.TestCases.FirstPageTest" name="testCase3" time="0.0">
    <ignored/>
  </testcase> <!-- testCase3 -->
</testsuite> <!-- Default test -->
