<?xml version="1.0" encoding="UTF-8"?>
<testng-results ignored="2" total="3" passed="1" failed="0" skipped="0">
  <reporter-output>
  </reporter-output>
  <suite started-at="2023-12-08T09:41:45 IST" name="Default suite" finished-at="2023-12-08T09:41:52 IST" duration-ms="6925">
    <groups>
    </groups>
    <test started-at="2023-12-08T09:41:45 IST" name="Default test" finished-at="2023-12-08T09:41:52 IST" duration-ms="6925">
      <class name="com.TestCases.FirstPageTest">
        <test-method is-config="true" signature="initializeDriverAfterBrowserFactory()[pri:0, instance:com.TestCases.FirstPageTest@3d51f06e]" started-at="2023-12-08T09:41:45 IST" name="initializeDriverAfterBrowserFactory" finished-at="2023-12-08T09:41:47 IST" duration-ms="1674" status="PASS">
          <reporter-output>
          </reporter-output>
        </test-method> <!-- initializeDriverAfterBrowserFactory -->
        <test-method signature="testCase2()[pri:0, instance:com.TestCases.FirstPageTest@3d51f06e]" started-at="2023-12-08T09:41:47 IST" name="testCase2" finished-at="2023-12-08T09:41:52 IST" duration-ms="5044" status="PASS">
          <reporter-output>
          </reporter-output>
        </test-method> <!-- testCase2 -->
        <test-method is-config="true" signature="cleanUp()[pri:0, instance:com.TestCases.FirstPageTest@3d51f06e]" started-at="2023-12-08T09:41:52 IST" name="cleanUp" finished-at="2023-12-08T09:41:52 IST" duration-ms="173" status="PASS">
          <reporter-output>
          </reporter-output>
        </test-method> <!-- cleanUp -->
      </class> <!-- com.TestCases.FirstPageTest -->
    </test> <!-- Default test -->
  </suite> <!-- Default suite -->
</testng-results>
